\BOOKMARK [1][-]{section.1}{General}{}% 1
\BOOKMARK [2][-]{subsection.1.1}{Society Name}{section.1}% 2
\BOOKMARK [2][-]{subsection.1.2}{Previous Documentation}{section.1}% 3
\BOOKMARK [1][-]{section.2}{The Mission}{}% 4
\BOOKMARK [1][-]{section.3}{AberSU and AberSoc/Club Sporty rules}{}% 5
\BOOKMARK [1][-]{section.4}{Social Media and Contacts}{}% 6
\BOOKMARK [2][-]{subsection.4.1}{Contacts and Student Details}{section.4}% 7
\BOOKMARK [2][-]{subsection.4.2}{Social Media and Emails}{section.4}% 8
\BOOKMARK [1][-]{section.5}{Storage for committee}{}% 9
\BOOKMARK [1][-]{section.6}{GIT Project Repositories}{}% 10
\BOOKMARK [1][-]{section.7}{Project Information and Instructions}{}% 11
\BOOKMARK [1][-]{section.8}{Membership}{}% 12
\BOOKMARK [2][-]{subsection.8.1}{Standard Membership}{section.8}% 13
\BOOKMARK [2][-]{subsection.8.2}{Associate Membership}{section.8}% 14
\BOOKMARK [2][-]{subsection.8.3}{What happens when they don't meet the criteria?}{section.8}% 15
\BOOKMARK [1][-]{section.9}{Committee}{}% 16
\BOOKMARK [2][-]{subsection.9.1}{Committee Positions}{section.9}% 17
\BOOKMARK [2][-]{subsection.9.2}{Finance}{section.9}% 18
\BOOKMARK [2][-]{subsection.9.3}{Vacancies}{section.9}% 19
\BOOKMARK [1][-]{section.10}{Elections of Committee Members and others}{}% 20
\BOOKMARK [2][-]{subsection.10.1}{Elections}{section.10}% 21
\BOOKMARK [2][-]{subsection.10.2}{Handovers}{section.10}% 22
\BOOKMARK [2][-]{subsection.10.3}{Returning Officers}{section.10}% 23
\BOOKMARK [2][-]{subsection.10.4}{Time of Office - Term Time}{section.10}% 24
\BOOKMARK [2][-]{subsection.10.5}{Vacancies during Term Time}{section.10}% 25
\BOOKMARK [1][-]{section.11}{General Meetings}{}% 26
\BOOKMARK [1][-]{section.12}{Finance}{}% 27
\BOOKMARK [2][-]{subsection.12.1}{Who Looks after the Finance?}{section.12}% 28
\BOOKMARK [2][-]{subsection.12.2}{Reporting Finance}{section.12}% 29
\BOOKMARK [2][-]{subsection.12.3}{Where do we maintain Funds?}{section.12}% 30
\BOOKMARK [1][-]{section.13}{Descriptions of Positions}{}% 31
\BOOKMARK [2][-]{subsection.13.1}{President}{section.13}% 32
\BOOKMARK [2][-]{subsection.13.2}{Secretary}{section.13}% 33
\BOOKMARK [2][-]{subsection.13.3}{Treasurer}{section.13}% 34
\BOOKMARK [1][-]{section.14}{Constitution and interpretation}{}% 35
\BOOKMARK [2][-]{subsection.14.1}{Amendments}{section.14}% 36
\BOOKMARK [2][-]{subsection.14.2}{Action of Changes}{section.14}% 37
\BOOKMARK [2][-]{subsection.14.3}{Acceptance of Change}{section.14}% 38
\BOOKMARK [2][-]{subsection.14.4}{What happens with the new constitution?}{section.14}% 39
\BOOKMARK [2][-]{subsection.14.5}{Questioning the Constitution}{section.14}% 40
